{"/Users/gvsh/workspace/gitslice/src/git-operations.js": {"path":"/Users/gvsh/workspace/gitslice/src/git-operations.js","statementMap":{"0":{"start":{"line":1,"column":18},"end":{"line":1,"column":39}},"1":{"start":{"line":4,"column":14},"end":{"line":4,"column":33}},"2":{"start":{"line":7,"column":22},"end":{"line":7,"column":78}},"3":{"start":{"line":9,"column":2},"end":{"line":9,"column":50}},"4":{"start":{"line":9,"column":39},"end":{"line":9,"column":48}},"5":{"start":{"line":13,"column":14},"end":{"line":13,"column":33}},"6":{"start":{"line":15,"column":2},"end":{"line":22,"column":3}},"7":{"start":{"line":17,"column":20},"end":{"line":17,"column":65}},"8":{"start":{"line":18,"column":4},"end":{"line":18,"column":19}},"9":{"start":{"line":21,"column":4},"end":{"line":21,"column":14}},"10":{"start":{"line":26,"column":14},"end":{"line":26,"column":33}},"11":{"start":{"line":29,"column":15},"end":{"line":29,"column":77}},"12":{"start":{"line":32,"column":2},"end":{"line":32,"column":25}},"13":{"start":{"line":36,"column":18},"end":{"line":36,"column":20}},"14":{"start":{"line":37,"column":16},"end":{"line":37,"column":38}},"15":{"start":{"line":39,"column":19},"end":{"line":39,"column":20}},"16":{"start":{"line":40,"column":21},"end":{"line":40,"column":22}},"17":{"start":{"line":41,"column":16},"end":{"line":41,"column":17}},"18":{"start":{"line":42,"column":15},"end":{"line":42,"column":20}},"19":{"start":{"line":44,"column":2},"end":{"line":83,"column":3}},"20":{"start":{"line":46,"column":4},"end":{"line":49,"column":5}},"21":{"start":{"line":48,"column":6},"end":{"line":48,"column":15}},"22":{"start":{"line":52,"column":4},"end":{"line":60,"column":5}},"23":{"start":{"line":53,"column":6},"end":{"line":53,"column":20}},"24":{"start":{"line":54,"column":20},"end":{"line":54,"column":72}},"25":{"start":{"line":55,"column":6},"end":{"line":58,"column":7}},"26":{"start":{"line":56,"column":8},"end":{"line":56,"column":42}},"27":{"start":{"line":57,"column":8},"end":{"line":57,"column":37}},"28":{"start":{"line":59,"column":6},"end":{"line":59,"column":15}},"29":{"start":{"line":62,"column":4},"end":{"line":62,"column":26}},"30":{"start":{"line":62,"column":17},"end":{"line":62,"column":26}},"31":{"start":{"line":64,"column":4},"end":{"line":82,"column":5}},"32":{"start":{"line":65,"column":6},"end":{"line":69,"column":9}},"33":{"start":{"line":70,"column":6},"end":{"line":70,"column":16}},"34":{"start":{"line":71,"column":11},"end":{"line":82,"column":5}},"35":{"start":{"line":72,"column":6},"end":{"line":76,"column":9}},"36":{"start":{"line":77,"column":6},"end":{"line":77,"column":21}},"37":{"start":{"line":78,"column":11},"end":{"line":82,"column":5}},"38":{"start":{"line":80,"column":6},"end":{"line":80,"column":21}},"39":{"start":{"line":81,"column":6},"end":{"line":81,"column":16}},"40":{"start":{"line":85,"column":2},"end":{"line":85,"column":17}},"41":{"start":{"line":88,"column":0},"end":{"line":93,"column":2}}},"fnMap":{"0":{"name":"getChangedFiles","decl":{"start":{"line":3,"column":15},"end":{"line":3,"column":30}},"loc":{"start":{"line":3,"column":53},"end":{"line":10,"column":1}},"line":3},"1":{"name":"(anonymous_1)","decl":{"start":{"line":9,"column":31},"end":{"line":9,"column":32}},"loc":{"start":{"line":9,"column":39},"end":{"line":9,"column":48}},"line":9},"2":{"name":"getFileContent","decl":{"start":{"line":12,"column":15},"end":{"line":12,"column":29}},"loc":{"start":{"line":12,"column":62},"end":{"line":23,"column":1}},"line":12},"3":{"name":"getFileDiff","decl":{"start":{"line":25,"column":15},"end":{"line":25,"column":26}},"loc":{"start":{"line":25,"column":59},"end":{"line":33,"column":1}},"line":25},"4":{"name":"parseDiff","decl":{"start":{"line":35,"column":9},"end":{"line":35,"column":18}},"loc":{"start":{"line":35,"column":31},"end":{"line":86,"column":1}},"line":35}},"branchMap":{"0":{"loc":{"start":{"line":46,"column":4},"end":{"line":49,"column":5}},"type":"if","locations":[{"start":{"line":46,"column":4},"end":{"line":49,"column":5}},{"start":{},"end":{}}],"line":46},"1":{"loc":{"start":{"line":46,"column":8},"end":{"line":47,"column":56}},"type":"binary-expr","locations":[{"start":{"line":46,"column":8},"end":{"line":46,"column":32}},{"start":{"line":46,"column":36},"end":{"line":46,"column":61}},{"start":{"line":47,"column":8},"end":{"line":47,"column":30}},{"start":{"line":47,"column":34},"end":{"line":47,"column":56}}],"line":46},"2":{"loc":{"start":{"line":52,"column":4},"end":{"line":60,"column":5}},"type":"if","locations":[{"start":{"line":52,"column":4},"end":{"line":60,"column":5}},{"start":{},"end":{}}],"line":52},"3":{"loc":{"start":{"line":55,"column":6},"end":{"line":58,"column":7}},"type":"if","locations":[{"start":{"line":55,"column":6},"end":{"line":58,"column":7}},{"start":{},"end":{}}],"line":55},"4":{"loc":{"start":{"line":62,"column":4},"end":{"line":62,"column":26}},"type":"if","locations":[{"start":{"line":62,"column":4},"end":{"line":62,"column":26}},{"start":{},"end":{}}],"line":62},"5":{"loc":{"start":{"line":64,"column":4},"end":{"line":82,"column":5}},"type":"if","locations":[{"start":{"line":64,"column":4},"end":{"line":82,"column":5}},{"start":{"line":71,"column":11},"end":{"line":82,"column":5}}],"line":64},"6":{"loc":{"start":{"line":71,"column":11},"end":{"line":82,"column":5}},"type":"if","locations":[{"start":{"line":71,"column":11},"end":{"line":82,"column":5}},{"start":{"line":78,"column":11},"end":{"line":82,"column":5}}],"line":71},"7":{"loc":{"start":{"line":78,"column":11},"end":{"line":82,"column":5}},"type":"if","locations":[{"start":{"line":78,"column":11},"end":{"line":82,"column":5}},{"start":{},"end":{}}],"line":78}},"s":{"0":2,"1":2,"2":2,"3":2,"4":2,"5":2,"6":2,"7":2,"8":2,"9":0,"10":2,"11":2,"12":2,"13":6,"14":6,"15":6,"16":6,"17":6,"18":6,"19":6,"20":57,"21":24,"22":33,"23":7,"24":7,"25":7,"26":7,"27":7,"28":7,"29":26,"30":1,"31":25,"32":7,"33":7,"34":18,"35":3,"36":3,"37":15,"38":13,"39":13,"40":6,"41":2},"f":{"0":2,"1":2,"2":2,"3":2,"4":6},"b":{"0":[24,33],"1":[57,51,45,39],"2":[7,26],"3":[7,0],"4":[1,25],"5":[7,18],"6":[3,15],"7":[13,2]},"_coverageSchema":"1a1c01bbd47fc00a2c39e90264f33305004495a9","hash":"e2cd986acb4aba54796f71be74359751413987ac"}
,"/Users/gvsh/workspace/gitslice/src/index.js": {"path":"/Users/gvsh/workspace/gitslice/src/index.js","statementMap":{"0":{"start":{"line":1,"column":57},"end":{"line":1,"column":84}},"1":{"start":{"line":2,"column":24},"end":{"line":2,"column":50}},"2":{"start":{"line":3,"column":11},"end":{"line":3,"column":33}},"3":{"start":{"line":4,"column":13},"end":{"line":4,"column":28}},"4":{"start":{"line":15,"column":2},"end":{"line":59,"column":3}},"5":{"start":{"line":17,"column":25},"end":{"line":17,"column":68}},"6":{"start":{"line":19,"column":4},"end":{"line":21,"column":5}},"7":{"start":{"line":20,"column":6},"end":{"line":20,"column":54}},"8":{"start":{"line":24,"column":22},"end":{"line":47,"column":5}},"9":{"start":{"line":26,"column":8},"end":{"line":45,"column":9}},"10":{"start":{"line":28,"column":26},"end":{"line":28,"column":74}},"11":{"start":{"line":31,"column":26},"end":{"line":31,"column":71}},"12":{"start":{"line":33,"column":10},"end":{"line":37,"column":12}},"13":{"start":{"line":39,"column":10},"end":{"line":39,"column":71}},"14":{"start":{"line":40,"column":10},"end":{"line":44,"column":12}},"15":{"start":{"line":50,"column":16},"end":{"line":50,"column":50}},"16":{"start":{"line":53,"column":4},"end":{"line":53,"column":48}},"17":{"start":{"line":55,"column":4},"end":{"line":55,"column":22}},"18":{"start":{"line":57,"column":4},"end":{"line":57,"column":52}},"19":{"start":{"line":58,"column":4},"end":{"line":58,"column":14}},"20":{"start":{"line":62,"column":0},"end":{"line":62,"column":38}}},"fnMap":{"0":{"name":"createGitDiffXml","decl":{"start":{"line":14,"column":15},"end":{"line":14,"column":31}},"loc":{"start":{"line":14,"column":66},"end":{"line":60,"column":1}},"line":14},"1":{"name":"(anonymous_1)","decl":{"start":{"line":25,"column":23},"end":{"line":25,"column":24}},"loc":{"start":{"line":25,"column":39},"end":{"line":46,"column":7}},"line":25}},"branchMap":{"0":{"loc":{"start":{"line":19,"column":4},"end":{"line":21,"column":5}},"type":"if","locations":[{"start":{"line":19,"column":4},"end":{"line":21,"column":5}},{"start":{},"end":{}}],"line":19}},"s":{"0":1,"1":1,"2":1,"3":1,"4":2,"5":2,"6":2,"7":0,"8":2,"9":2,"10":2,"11":2,"12":2,"13":0,"14":0,"15":2,"16":2,"17":2,"18":0,"19":0,"20":1},"f":{"0":2,"1":2},"b":{"0":[0,2]},"_coverageSchema":"1a1c01bbd47fc00a2c39e90264f33305004495a9","hash":"a4ff14871d7501efe10afc473cc6e223b9c8f745"}
,"/Users/gvsh/workspace/gitslice/src/xml-generator.js": {"path":"/Users/gvsh/workspace/gitslice/src/xml-generator.js","statementMap":{"0":{"start":{"line":2,"column":4},"end":{"line":7,"column":33}},"1":{"start":{"line":11,"column":14},"end":{"line":11,"column":56}},"2":{"start":{"line":12,"column":4},"end":{"line":12,"column":60}},"3":{"start":{"line":14,"column":4},"end":{"line":41,"column":5}},"4":{"start":{"line":15,"column":8},"end":{"line":15,"column":59}},"5":{"start":{"line":18,"column":8},"end":{"line":18,"column":70}},"6":{"start":{"line":21,"column":8},"end":{"line":21,"column":33}},"7":{"start":{"line":24,"column":30},"end":{"line":24,"column":62}},"8":{"start":{"line":26,"column":8},"end":{"line":37,"column":9}},"9":{"start":{"line":27,"column":12},"end":{"line":36,"column":13}},"10":{"start":{"line":28,"column":16},"end":{"line":28,"column":105}},"11":{"start":{"line":29,"column":19},"end":{"line":36,"column":13}},"12":{"start":{"line":30,"column":16},"end":{"line":30,"column":105}},"13":{"start":{"line":31,"column":19},"end":{"line":36,"column":13}},"14":{"start":{"line":32,"column":16},"end":{"line":32,"column":116}},"15":{"start":{"line":33,"column":16},"end":{"line":33,"column":80}},"16":{"start":{"line":34,"column":16},"end":{"line":34,"column":77}},"17":{"start":{"line":35,"column":16},"end":{"line":35,"column":49}},"18":{"start":{"line":39,"column":8},"end":{"line":39,"column":34}},"19":{"start":{"line":40,"column":8},"end":{"line":40,"column":29}},"20":{"start":{"line":43,"column":4},"end":{"line":43,"column":25}},"21":{"start":{"line":44,"column":4},"end":{"line":44,"column":15}},"22":{"start":{"line":49,"column":19},"end":{"line":49,"column":21}},"23":{"start":{"line":51,"column":4},"end":{"line":68,"column":5}},"24":{"start":{"line":51,"column":17},"end":{"line":51,"column":18}},"25":{"start":{"line":52,"column":24},"end":{"line":52,"column":34}},"26":{"start":{"line":53,"column":21},"end":{"line":53,"column":35}},"27":{"start":{"line":55,"column":8},"end":{"line":67,"column":9}},"28":{"start":{"line":57,"column":12},"end":{"line":63,"column":15}},"29":{"start":{"line":64,"column":12},"end":{"line":64,"column":16}},"30":{"start":{"line":66,"column":12},"end":{"line":66,"column":33}},"31":{"start":{"line":70,"column":4},"end":{"line":70,"column":18}},"32":{"start":{"line":73,"column":0},"end":{"line":75,"column":2}}},"fnMap":{"0":{"name":"escapeXml","decl":{"start":{"line":1,"column":9},"end":{"line":1,"column":18}},"loc":{"start":{"line":1,"column":27},"end":{"line":8,"column":1}},"line":1},"1":{"name":"generateXml","decl":{"start":{"line":10,"column":9},"end":{"line":10,"column":20}},"loc":{"start":{"line":10,"column":44},"end":{"line":45,"column":1}},"line":10},"2":{"name":"groupModifications","decl":{"start":{"line":47,"column":9},"end":{"line":47,"column":27}},"loc":{"start":{"line":47,"column":37},"end":{"line":71,"column":1}},"line":47}},"branchMap":{"0":{"loc":{"start":{"line":27,"column":12},"end":{"line":36,"column":13}},"type":"if","locations":[{"start":{"line":27,"column":12},"end":{"line":36,"column":13}},{"start":{"line":29,"column":19},"end":{"line":36,"column":13}}],"line":27},"1":{"loc":{"start":{"line":29,"column":19},"end":{"line":36,"column":13}},"type":"if","locations":[{"start":{"line":29,"column":19},"end":{"line":36,"column":13}},{"start":{"line":31,"column":19},"end":{"line":36,"column":13}}],"line":29},"2":{"loc":{"start":{"line":31,"column":19},"end":{"line":36,"column":13}},"type":"if","locations":[{"start":{"line":31,"column":19},"end":{"line":36,"column":13}},{"start":{},"end":{}}],"line":31},"3":{"loc":{"start":{"line":55,"column":8},"end":{"line":67,"column":9}},"type":"if","locations":[{"start":{"line":55,"column":8},"end":{"line":67,"column":9}},{"start":{"line":65,"column":15},"end":{"line":67,"column":9}}],"line":55},"4":{"loc":{"start":{"line":55,"column":12},"end":{"line":55,"column":75}},"type":"binary-expr","locations":[{"start":{"line":55,"column":12},"end":{"line":55,"column":39}},{"start":{"line":55,"column":43},"end":{"line":55,"column":47}},{"start":{"line":55,"column":51},"end":{"line":55,"column":75}}],"line":55}},"s":{"0":16,"1":5,"2":5,"3":5,"4":5,"5":5,"6":5,"7":5,"8":5,"9":5,"10":4,"11":1,"12":0,"13":1,"14":1,"15":1,"16":1,"17":1,"18":5,"19":5,"20":5,"21":5,"22":5,"23":5,"24":5,"25":5,"26":5,"27":5,"28":1,"29":1,"30":4,"31":5,"32":2},"f":{"0":16,"1":5,"2":5},"b":{"0":[4,1],"1":[0,1],"2":[1,0],"3":[1,4],"4":[5,1,1]},"_coverageSchema":"1a1c01bbd47fc00a2c39e90264f33305004495a9","hash":"faca210c4eebe6081361047bf83d3a401a7f6d3a"}
}
