TN:
SF:src/git-operations.js
FN:3,getChangedFiles
FN:9,(anonymous_1)
FN:12,getFileContent
FN:25,getFileDiff
FN:35,parseDiff
FNF:5
FNH:5
FNDA:2,getChangedFiles
FNDA:2,(anonymous_1)
FNDA:2,getFileContent
FNDA:2,getFileDiff
FNDA:6,parseDiff
DA:1,2
DA:4,2
DA:7,2
DA:9,2
DA:13,2
DA:15,2
DA:17,2
DA:18,2
DA:21,0
DA:26,2
DA:29,2
DA:32,2
DA:36,6
DA:37,6
DA:39,6
DA:40,6
DA:41,6
DA:42,6
DA:44,6
DA:46,57
DA:48,24
DA:52,33
DA:53,7
DA:54,7
DA:55,7
DA:56,7
DA:57,7
DA:59,7
DA:62,26
DA:64,25
DA:65,7
DA:70,7
DA:71,18
DA:72,3
DA:77,3
DA:78,15
DA:80,13
DA:81,13
DA:85,6
DA:88,2
LF:40
LH:39
BRDA:46,0,0,24
BRDA:46,0,1,33
BRDA:46,1,0,57
BRDA:46,1,1,51
BRDA:46,1,2,45
BRDA:46,1,3,39
BRDA:52,2,0,7
BRDA:52,2,1,26
BRDA:55,3,0,7
BRDA:55,3,1,0
BRDA:62,4,0,1
BRDA:62,4,1,25
BRDA:64,5,0,7
BRDA:64,5,1,18
BRDA:71,6,0,3
BRDA:71,6,1,15
BRDA:78,7,0,13
BRDA:78,7,1,2
BRF:18
BRH:17
end_of_record
TN:
SF:src/index.js
FN:14,createGitDiffXml
FN:25,(anonymous_1)
FNF:2
FNH:2
FNDA:2,createGitDiffXml
FNDA:2,(anonymous_1)
DA:1,1
DA:2,1
DA:3,1
DA:4,1
DA:15,2
DA:17,2
DA:19,2
DA:20,0
DA:24,2
DA:26,2
DA:28,2
DA:31,2
DA:33,2
DA:39,0
DA:40,0
DA:50,2
DA:53,2
DA:55,2
DA:57,0
DA:58,0
DA:62,1
LF:21
LH:16
BRDA:19,0,0,0
BRDA:19,0,1,2
BRF:2
BRH:1
end_of_record
TN:
SF:src/xml-generator.js
FN:1,escapeXml
FN:10,generateXml
FN:47,groupModifications
FNF:3
FNH:3
FNDA:16,escapeXml
FNDA:5,generateXml
FNDA:5,groupModifications
DA:2,16
DA:11,5
DA:12,5
DA:14,5
DA:15,5
DA:18,5
DA:21,5
DA:24,5
DA:26,5
DA:27,5
DA:28,4
DA:29,1
DA:30,0
DA:31,1
DA:32,1
DA:33,1
DA:34,1
DA:35,1
DA:39,5
DA:40,5
DA:43,5
DA:44,5
DA:49,5
DA:51,5
DA:52,5
DA:53,5
DA:55,5
DA:57,1
DA:64,1
DA:66,4
DA:70,5
DA:73,2
LF:32
LH:31
BRDA:27,0,0,4
BRDA:27,0,1,1
BRDA:29,1,0,0
BRDA:29,1,1,1
BRDA:31,2,0,1
BRDA:31,2,1,0
BRDA:55,3,0,1
BRDA:55,3,1,4
BRDA:55,4,0,5
BRDA:55,4,1,1
BRDA:55,4,2,1
BRF:11
BRH:9
end_of_record
